<?xml version="1.0" encoding="UTF-8"?>
<testsuite name="hello.GreetingTest" tests="1" skipped="0" failures="0" errors="0" timestamp="2018-09-30T18:24:12" hostname="Fredericks-MacBook-Pro.local" time="0.002">
  <properties/>
  <testcase name="constructionTest" classname="hello.GreetingTest" time="0.002"/>
  <system-out><![CDATA[]]></system-out>
  <system-err><![CDATA[]]></system-err>
</testsuite>
